<?xml version="1.0" encoding="UTF-8"?>
<testng-results ignored="0" total="1" passed="1" failed="0" skipped="0">
  <reporter-output>
  </reporter-output>
  <suite started-at="2022-05-21T15:53:21 EDT" name="Suite" finished-at="2022-05-21T15:53:28 EDT" duration-ms="6945">
    <groups>
    </groups>
    <test started-at="2022-05-21T15:53:21 EDT" name="Test" finished-at="2022-05-21T15:53:28 EDT" duration-ms="6945">
      <class name="testCases.TestAmazon">
        <test-method signature="openAmazon()[pri:0, instance:testCases.TestAmazon@2b6856dd]" started-at="2022-05-21T15:53:21 EDT" name="openAmazon" finished-at="2022-05-21T15:53:28 EDT" duration-ms="6932" status="PASS">
          <reporter-output>
          </reporter-output>
        </test-method> <!-- openAmazon -->
      </class> <!-- testCases.TestAmazon -->
    </test> <!-- Test -->
  </suite> <!-- Suite -->
</testng-results>
